<?xml version="1.0" encoding="UTF-8"?>
<!-- Generated by org.testng.reporters.JUnitReportReporter -->
<testsuite hostname="LAPTOP-AIJ2UD8P" failures="0" tests="3" name="com.automation.qa.testcases.HomePageTest" time="90.393" errors="0" timestamp="2020-07-23T19:21:11 IST" skipped="0">
  <testcase classname="com.automation.qa.testcases.HomePageTest" name="homePageTitleTest" time="29.265"/>
  <system-out/>
  <testcase classname="com.automation.qa.testcases.HomePageTest" name="clickOnContactLink" time="31.166"/>
  <system-out/>
  <testcase classname="com.automation.qa.testcases.HomePageTest" name="clickOnAssistancePageLink" time="29.962"/>
  <system-out/>
</testsuite> <!-- com.automation.qa.testcases.HomePageTest -->
