<?xml version="1.0" encoding="UTF-8"?>
<!-- Generated by org.testng.reporters.JUnitReportReporter -->
<testsuite hostname="LAPTOP-AIJ2UD8P" failures="0" tests="1" name="com.automation.qa.testcases.ContactPageTest" time="30.654" errors="0" timestamp="2020-07-23T19:21:11 IST" skipped="0">
  <testcase classname="com.automation.qa.testcases.ContactPageTest" name="verifyContactUSLabelTest" time="30.654"/>
  <system-out/>
</testsuite> <!-- com.automation.qa.testcases.ContactPageTest -->
