<?xml version="1.0" encoding="UTF-8"?>
<!-- Generated by org.testng.reporters.JUnitReportReporter -->
<testsuite hostname="LAPTOP-AIJ2UD8P" failures="0" tests="3" name="com.automation.qa.testcases.HomePageTest" time="138.720" errors="0" timestamp="2020-07-20T20:28:55 IST" skipped="0">
  <testcase classname="com.automation.qa.testcases.HomePageTest" name="homePageTitleTest" time="44.996"/>
  <system-out/>
  <testcase classname="com.automation.qa.testcases.HomePageTest" name="clickOnContactLink" time="61.057"/>
  <system-out/>
  <testcase classname="com.automation.qa.testcases.HomePageTest" name="clickOnAssistancePageLink" time="32.667"/>
  <system-out/>
</testsuite> <!-- com.automation.qa.testcases.HomePageTest -->
