<?xml version="1.0" encoding="UTF-8"?>
<!-- Generated by org.testng.reporters.JUnitReportReporter -->
<testsuite hostname="LAPTOP-AIJ2UD8P" failures="0" tests="5" name="com.automation.qa.testcases.LoginPageTest" time="208.445" errors="0" timestamp="2020-07-20T20:28:55 IST" skipped="0">
  <testcase classname="com.automation.qa.testcases.LoginPageTest" name="loginPageTitleTest" time="23.252"/>
  <system-out/>
  <testcase classname="com.automation.qa.testcases.LoginPageTest" name="loginTest" time="38.639"/>
  <system-out/>
  <testcase classname="com.automation.qa.testcases.LoginPageTest" name="validataAllcredentials" time="55.046"/>
  <system-out/>
  <testcase classname="com.automation.qa.testcases.LoginPageTest" name="validataAllcredentials" time="43.404"/>
  <system-out/>
  <testcase classname="com.automation.qa.testcases.LoginPageTest" name="validataAllcredentials" time="48.104"/>
  <system-out/>
</testsuite> <!-- com.automation.qa.testcases.LoginPageTest -->
